<?xml version="1.0" encoding="UTF-8"?>
<!-- Generated by org.testng.reporters.JUnitReportReporter -->
<testsuite skipped="0" hostname="hxnb-fcoronel" name="automatedTests.NewStrategicObjTest" tests="1" failures="0" timestamp="10 Jan 2017 22:20:48 GMT" time="20.975" errors="0">
  <testcase name="CreateNewStrategicObj" time="20.975" classname="automatedTests.NewStrategicObjTest"/>
</testsuite> <!-- automatedTests.NewStrategicObjTest -->
