<?xml version="1.0" encoding="UTF-8"?>
<!-- Generated by org.testng.reporters.JUnitReportReporter -->
<testsuite skipped="0" hostname="hxnb-fcoronel" name="automatedTests.LoginTest" tests="1" failures="0" timestamp="4 Jan 2017 22:52:25 GMT" time="6.159" errors="0">
  <testcase name="Login" time="6.159" classname="automatedTests.LoginTest"/>
</testsuite> <!-- automatedTests.LoginTest -->
