<?xml version="1.0" encoding="UTF-8"?>
<!-- Generated by org.testng.reporters.JUnitReportReporter -->
<testsuite skipped="0" hostname="hxnb-fcoronel" name="automatedTests.LoginTest" tests="1" failures="0" timestamp="9 Jan 2017 17:49:48 GMT" time="7.057" errors="0">
  <testcase name="Login" time="7.057" classname="automatedTests.LoginTest"/>
</testsuite> <!-- automatedTests.LoginTest -->
