<?xml version="1.0" encoding="UTF-8"?>
<!-- Generated by org.testng.reporters.JUnitReportReporter -->
<testsuite skipped="0" hostname="hxnb-fcoronel" name="automatedTests.NewOperativeObjTest" tests="1" failures="0" timestamp="9 Jan 2017 21:50:54 GMT" time="8.407" errors="0">
  <testcase name="CreateNewObjOp" time="8.407" classname="automatedTests.NewOperativeObjTest"/>
</testsuite> <!-- automatedTests.NewOperativeObjTest -->
