<?xml version="1.0" encoding="UTF-8"?>
<!-- Generated by org.testng.reporters.JUnitReportReporter -->
<testsuite skipped="0" hostname="hxnb-fcoronel" name="automatedTests.NewStrategicObjTest" tests="1" failures="0" timestamp="9 Jan 2017 22:55:01 GMT" time="18.936" errors="0">
  <testcase name="CreateNewStrategicObj" time="18.936" classname="automatedTests.NewStrategicObjTest"/>
</testsuite> <!-- automatedTests.NewStrategicObjTest -->
