<?xml version="1.0" encoding="UTF-8"?>
<!-- Generated by org.testng.reporters.JUnitReportReporter -->
<testsuite skipped="0" hostname="hxnb-fcoronel" name="automatedTests.LoginTest" tests="1" failures="0" timestamp="13 Jan 2017 17:27:00 GMT" time="5.959" errors="0">
  <testcase name="Login" time="5.959" classname="automatedTests.LoginTest"/>
</testsuite> <!-- automatedTests.LoginTest -->
