<?xml version="1.0" encoding="UTF-8"?>
<!-- Generated by org.testng.reporters.JUnitReportReporter -->
<testsuite skipped="0" hostname="hxnb-fcoronel" name="automatedTests.NewStrategicObjTest" tests="1" failures="0" timestamp="13 Jan 2017 18:21:05 GMT" time="19.537" errors="0">
  <testcase name="CreateNewStrategicObj" time="19.537" classname="automatedTests.NewStrategicObjTest"/>
</testsuite> <!-- automatedTests.NewStrategicObjTest -->
