<?xml version="1.0" encoding="UTF-8"?>
<!-- Generated by org.testng.reporters.JUnitReportReporter -->
<testsuite skipped="0" hostname="hxnb-fcoronel" name="automatedTests.NewStrategicObjAndIndicatorsTest" tests="1" failures="0" timestamp="13 Jan 2017 16:36:08 GMT" time="33.033" errors="0">
  <testcase name="CreateNewStrategicObjandInd" time="33.033" classname="automatedTests.NewStrategicObjAndIndicatorsTest"/>
</testsuite> <!-- automatedTests.NewStrategicObjAndIndicatorsTest -->
