<?xml version="1.0" encoding="UTF-8"?>
<!-- Generated by org.testng.reporters.JUnitReportReporter -->
<testsuite skipped="0" hostname="hxnb-fcoronel" name="automatedTests.NewOperativeObjTest" tests="1" failures="0" timestamp="17 Jan 2017 13:43:33 GMT" time="22.005" errors="0">
  <testcase name="CreateNewObjOp" time="22.005" classname="automatedTests.NewOperativeObjTest"/>
</testsuite> <!-- automatedTests.NewOperativeObjTest -->
