<?xml version="1.0" encoding="UTF-8"?>
<!-- Generated by org.testng.reporters.JUnitReportReporter -->
<testsuite skipped="0" hostname="hxnb-fcoronel" name="automatedTests.NewCompleteProject" tests="1" failures="0" timestamp="25 Jan 2017 21:13:28 GMT" time="56.828" errors="0">
  <testcase name="CreateNewProject" time="56.828" classname="automatedTests.NewCompleteProject"/>
</testsuite> <!-- automatedTests.NewCompleteProject -->
