<?xml version="1.0" encoding="UTF-8"?>
<!-- Generated by org.testng.reporters.JUnitReportReporter -->
<testsuite skipped="0" hostname="hxnb-fcoronel" name="automatedTests.NewBasicProject" tests="1" failures="0" timestamp="18 Jan 2017 14:52:12 GMT" time="61.525" errors="0">
  <testcase name="CreateNewProject" time="61.525" classname="automatedTests.NewBasicProject"/>
</testsuite> <!-- automatedTests.NewBasicProject -->
