<?xml version="1.0" encoding="UTF-8"?>
<!-- Generated by org.testng.reporters.JUnitReportReporter -->
<testsuite skipped="0" hostname="hxnb-fcoronel" name="automatedTests.NewBasicProject" tests="1" failures="0" timestamp="16 Jan 2017 22:09:13 GMT" time="31.029" errors="0">
  <testcase name="CreateNewProject" time="31.029" classname="automatedTests.NewBasicProject"/>
</testsuite> <!-- automatedTests.NewBasicProject -->
