<?xml version="1.0" encoding="UTF-8"?>
<!-- Generated by org.testng.reporters.JUnitReportReporter -->
<testsuite skipped="0" hostname="hxnb-fcoronel" name="automatedTests.NewOperativeObjTest" tests="1" failures="0" timestamp="17 Jan 2017 21:14:04 GMT" time="22.038" errors="0">
  <testcase name="CreateNewObjOp" time="22.038" classname="automatedTests.NewOperativeObjTest"/>
</testsuite> <!-- automatedTests.NewOperativeObjTest -->
