<?xml version="1.0" encoding="UTF-8"?>
<!-- Generated by org.testng.reporters.JUnitReportReporter -->
<testsuite skipped="0" hostname="hxnb-fcoronel" name="automatedTests.NewStrategicObjAndIndicatorsTest" tests="1" failures="0" timestamp="18 Jan 2017 13:57:08 GMT" time="35.851" errors="0">
  <testcase name="CreateNewStrategicObjandInd" time="35.851" classname="automatedTests.NewStrategicObjAndIndicatorsTest"/>
</testsuite> <!-- automatedTests.NewStrategicObjAndIndicatorsTest -->
