<?xml version="1.0" encoding="UTF-8"?>
<!-- Generated by org.testng.reporters.JUnitReportReporter -->
<testsuite skipped="0" hostname="hxnb-fcoronel" name="automatedTests.NewStrategicObjTest" tests="1" failures="0" timestamp="18 Jan 2017 13:21:56 GMT" time="20.838" errors="0">
  <testcase name="CreateNewStrategicObj" time="20.838" classname="automatedTests.NewStrategicObjTest"/>
</testsuite> <!-- automatedTests.NewStrategicObjTest -->
