<?xml version="1.0" encoding="UTF-8"?>
<!-- Generated by org.testng.reporters.JUnitReportReporter -->
<testsuite skipped="0" hostname="hxnb-fcoronel" name="automatedTests.NewStrategicObjAndIndicatorsTest" tests="1" failures="0" timestamp="19 Jan 2017 16:08:55 GMT" time="44.459" errors="0">
  <testcase name="CreateNewStrategicObjandInd" time="44.459" classname="automatedTests.NewStrategicObjAndIndicatorsTest"/>
</testsuite> <!-- automatedTests.NewStrategicObjAndIndicatorsTest -->
