<?xml version="1.0" encoding="UTF-8"?>
<!-- Generated by org.testng.reporters.JUnitReportReporter -->
<testsuite skipped="0" hostname="hxnb-fcoronel" name="automatedTests.NewOperativeObjTest" tests="1" failures="0" timestamp="13 Jan 2017 18:24:49 GMT" time="19.637" errors="0">
  <testcase name="CreateNewObjOp" time="19.637" classname="automatedTests.NewOperativeObjTest"/>
</testsuite> <!-- automatedTests.NewOperativeObjTest -->
