<?xml version="1.0" encoding="UTF-8"?>
<!-- Generated by org.testng.reporters.JUnitReportReporter -->
<testsuite skipped="0" hostname="hxnb-fcoronel" name="automatedTests.NewStrategicObjAndIndicatorsTest" tests="1" failures="0" timestamp="18 Jan 2017 18:20:41 GMT" time="34.208" errors="0">
  <testcase name="CreateNewStrategicObjandInd" time="34.208" classname="automatedTests.NewStrategicObjAndIndicatorsTest"/>
</testsuite> <!-- automatedTests.NewStrategicObjAndIndicatorsTest -->
