<?xml version="1.0" encoding="UTF-8"?>
<!-- Generated by org.testng.reporters.JUnitReportReporter -->
<testsuite skipped="0" hostname="hxnb-fcoronel" name="automatedTests.NewStrategicObjAndIndicatorsTest" tests="1" failures="0" timestamp="16 Jan 2017 19:05:12 GMT" time="34.258" errors="0">
  <testcase name="CreateNewStrategicObjandInd" time="34.258" classname="automatedTests.NewStrategicObjAndIndicatorsTest"/>
</testsuite> <!-- automatedTests.NewStrategicObjAndIndicatorsTest -->
