<?xml version="1.0" encoding="UTF-8"?>
<!-- Generated by org.testng.reporters.JUnitReportReporter -->
<testsuite skipped="0" hostname="hxnb-fcoronel" name="automatedTests.LoginTest" tests="1" failures="0" timestamp="18 Jan 2017 12:36:20 GMT" time="7.099" errors="0">
  <testcase name="Login" time="7.099" classname="automatedTests.LoginTest"/>
</testsuite> <!-- automatedTests.LoginTest -->
