<?xml version="1.0" encoding="UTF-8"?>
<!-- Generated by org.testng.reporters.JUnitReportReporter -->
<testsuite skipped="0" hostname="hxnb-fcoronel" name="automatedTests.NewBasicProject" tests="1" failures="0" timestamp="19 Jan 2017 18:24:34 GMT" time="71.099" errors="0">
  <testcase name="CreateNewProject" time="71.099" classname="automatedTests.NewBasicProject"/>
</testsuite> <!-- automatedTests.NewBasicProject -->
