<?xml version="1.0" encoding="UTF-8"?>
<!-- Generated by org.testng.reporters.JUnitReportReporter -->
<testsuite skipped="0" hostname="hxnb-fcoronel" name="automatedTests.NewOperativeObjTest" tests="1" failures="0" timestamp="13 Jan 2017 19:20:17 GMT" time="19.413" errors="0">
  <testcase name="CreateNewObjOp" time="19.413" classname="automatedTests.NewOperativeObjTest"/>
</testsuite> <!-- automatedTests.NewOperativeObjTest -->
