<?xml version="1.0" encoding="UTF-8"?>
<!-- Generated by org.testng.reporters.JUnitReportReporter -->
<testsuite skipped="0" hostname="hxnb-fcoronel" name="automatedTests.HomePageTests" tests="1" failures="0" timestamp="9 Jan 2017 18:51:49 GMT" time="10.524" errors="0">
  <testcase name="CreateNewObjOp" time="10.524" classname="automatedTests.HomePageTests"/>
</testsuite> <!-- automatedTests.HomePageTests -->
